# JRE version: OpenJDK Runtime Environment (8.0_412-b08) (build 1.8.0_412-b08)
# Java VM: OpenJDK 64-Bit Server VM (25.412-b08 mixed mode windows-amd64 compressed oops)
Heap:
 PSYoungGen      total 114688K, used 21578K [0x0000000740300000, 0x000000074e300000, 0x00000007c0000000)
  eden space 98304K, 21% used [0x0000000740300000,0x0000000741812af0,0x0000000746300000)
  from space 16384K, 0% used [0x0000000747300000,0x0000000747300000,0x0000000748300000)
  to   space 16384K, 0% used [0x0000000746300000,0x0000000746300000,0x0000000747300000)
 ParOldGen       total 190464K, used 21556K [0x0000000640800000, 0x000000064c200000, 0x0000000740300000)
  object space 190464K, 11% used [0x0000000640800000,0x0000000641d0d2b0,0x000000064c200000)
 Metaspace       used 22018K, capacity 22310K, committed 22656K, reserved 1069056K
  class space    used 2762K, capacity 2869K, committed 2944K, reserved 1048576K
GC Heap History (6 events):
Event: 0.735 GC heap before
{Heap before GC invocations=1 (full 0):
 PSYoungGen      total 114688K, used 98304K [0x0000000740300000, 0x0000000748300000, 0x00000007c0000000)
  eden space 98304K, 100% used [0x0000000740300000,0x0000000746300000,0x0000000746300000)
  from space 16384K, 0% used [0x0000000747300000,0x0000000747300000,0x0000000748300000)
  to   space 16384K, 0% used [0x0000000746300000,0x0000000746300000,0x0000000747300000)
 ParOldGen       total 262144K, used 0K [0x0000000640800000, 0x0000000650800000, 0x0000000740300000)
  object space 262144K, 0% used [0x0000000640800000,0x0000000640800000,0x0000000650800000)
 Metaspace       used 13540K, capacity 13728K, committed 14080K, reserved 1060864K
  class space    used 1671K, capacity 1738K, committed 1792K, reserved 1048576K
Event: 0.742 GC heap after
Heap after GC invocations=1 (full 0):
 PSYoungGen      total 114688K, used 16377K [0x0000000740300000, 0x0000000748300000, 0x00000007c0000000)
  eden space 98304K, 0% used [0x0000000740300000,0x0000000740300000,0x0000000746300000)
  from space 16384K, 99% used [0x0000000746300000,0x00000007472fe5d0,0x0000000747300000)
  to   space 16384K, 0% used [0x0000000747300000,0x0000000747300000,0x0000000748300000)
 ParOldGen       total 262144K, used 498K [0x0000000640800000, 0x0000000650800000, 0x0000000740300000)
  object space 262144K, 0% used [0x0000000640800000,0x000000064087caf0,0x0000000650800000)
 Metaspace       used 13540K, capacity 13728K, committed 14080K, reserved 1060864K
  class space    used 1671K, capacity 1738K, committed 1792K, reserved 1048576K
}
Event: 1.486 GC heap before
{Heap before GC invocations=2 (full 0):
 PSYoungGen      total 114688K, used 98585K [0x0000000740300000, 0x0000000748300000, 0x00000007c0000000)
  eden space 98304K, 83% used [0x0000000740300000,0x00000007453481f8,0x0000000746300000)
  from space 16384K, 99% used [0x0000000746300000,0x00000007472fe5d0,0x0000000747300000)
  to   space 16384K, 0% used [0x0000000747300000,0x0000000747300000,0x0000000748300000)
 ParOldGen       total 262144K, used 498K [0x0000000640800000, 0x0000000650800000, 0x0000000740300000)
  object space 262144K, 0% used [0x0000000640800000,0x000000064087caf0,0x0000000650800000)
 Metaspace       used 20889K, capacity 21122K, committed 21248K, reserved 1067008K
  class space    used 2645K, capacity 2735K, committed 2816K, reserved 1048576K
Event: 1.498 GC heap after
Heap after GC invocations=2 (full 0):
 PSYoungGen      total 114688K, used 16378K [0x0000000740300000, 0x000000074e300000, 0x00000007c0000000)
  eden space 98304K, 0% used [0x0000000740300000,0x0000000740300000,0x0000000746300000)
  from space 16384K, 99% used [0x0000000747300000,0x00000007482fe900,0x0000000748300000)
  to   space 16384K, 0% used [0x0000000746300000,0x0000000746300000,0x0000000747300000)
 ParOldGen       total 262144K, used 6158K [0x0000000640800000, 0x0000000650800000, 0x0000000740300000)
  object space 262144K, 2% used [0x0000000640800000,0x0000000640e03800,0x0000000650800000)
 Metaspace       used 20889K, capacity 21122K, committed 21248K, reserved 1067008K
  class space    used 2645K, capacity 2735K, committed 2816K, reserved 1048576K
}
Event: 1.498 GC heap before
{Heap before GC invocations=3 (full 1):
 PSYoungGen      total 114688K, used 16378K [0x0000000740300000, 0x000000074e300000, 0x00000007c0000000)
  eden space 98304K, 0% used [0x0000000740300000,0x0000000740300000,0x0000000746300000)
  from space 16384K, 99% used [0x0000000747300000,0x00000007482fe900,0x0000000748300000)
  to   space 16384K, 0% used [0x0000000746300000,0x0000000746300000,0x0000000747300000)
 ParOldGen       total 262144K, used 6158K [0x0000000640800000, 0x0000000650800000, 0x0000000740300000)
  object space 262144K, 2% used [0x0000000640800000,0x0000000640e03800,0x0000000650800000)
 Metaspace       used 20889K, capacity 21122K, committed 21248K, reserved 1067008K
  class space    used 2645K, capacity 2735K, committed 2816K, reserved 1048576K
Event: 1.532 GC heap after
Heap after GC invocations=3 (full 1):
 PSYoungGen      total 114688K, used 0K [0x0000000740300000, 0x000000074e300000, 0x00000007c0000000)
  eden space 98304K, 0% used [0x0000000740300000,0x0000000740300000,0x0000000746300000)
  from space 16384K, 0% used [0x0000000747300000,0x0000000747300000,0x0000000748300000)
  to   space 16384K, 0% used [0x0000000746300000,0x0000000746300000,0x0000000747300000)
 ParOldGen       total 190464K, used 21556K [0x0000000640800000, 0x000000064c200000, 0x0000000740300000)
  object space 190464K, 11% used [0x0000000640800000,0x0000000641d0d2b0,0x000000064c200000)
 Metaspace       used 20889K, capacity 21122K, committed 21248K, reserved 1067008K
  class space    used 2645K, capacity 2735K, committed 2816K, reserved 1048576K
}

